1 0 0 0 0 0 0 0 0 0 0 0 0 0 0 0 0 0 0 0 0 0 0 0 0 0 0 0 0 0 
1 1 0 0 0 0 0 0 0 0 0 0 0 0 0 0 0 0 0 0 0 0 0 0 0 0 0 0 0 0 
2 2 1 0 0 0 0 0 0 0 0 0 0 0 0 0 0 0 0 0 0 0 0 0 0 0 0 0 0 0 
4 5 3 1 0 0 0 0 0 0 0 0 0 0 0 0 0 0 0 0 0 0 0 0 0 0 0 0 0 0 
9 12 9 4 1 0 0 0 0 0 0 0 0 0 0 0 0 0 0 0 0 0 0 0 0 0 0 0 0 0 
21 30 25 14 5 1 0 0 0 0 0 0 0 0 0 0 0 0 0 0 0 0 0 0 0 0 0 0 0 0 
51 76 69 44 20 6 1 0 0 0 0 0 0 0 0 0 0 0 0 0 0 0 0 0 0 0 0 0 0 0 
127 196 189 133 70 27 7 1 0 0 0 0 0 0 0 0 0 0 0 0 0 0 0 0 0 0 0 0 0 0 
323 512 518 392 230 104 35 8 1 0 0 0 0 0 0 0 0 0 0 0 0 0 0 0 0 0 0 0 0 0 
835 1353 1422 1140 726 369 147 44 9 1 0 0 0 0 0 0 0 0 0 0 0 0 0 0 0 0 0 0 0 0 
2188 3610 3915 3288 2235 1242 560 200 54 10 1 0 0 0 0 0 0 0 0 0 0 0 0 0 0 0 0 0 0 0 
5798 9713 10813 9438 6765 4037 2002 814 264 65 11 1 0 0 0 0 0 0 0 0 0 0 0 0 0 0 0 0 0 0 
15511 26324 29964 27016 20240 12804 6853 3080 1143 340 77 12 1 0 0 0 0 0 0 0 0 0 0 0 0 0 0 0 0 0 
41835 71799 83304 77220 60060 39897 22737 11076 4563 1560 429 90 13 1 0 0 0 0 0 0 0 0 0 0 0 0 0 0 0 0 
113634 196938 232323 220584 177177 122694 73710 38376 17199 6552 2079 532 104 14 1 0 0 0 0 0 0 0 0 0 0 0 0 0 0 0 
310572 542895 649845 630084 520455 373581 234780 129285 62127 25830 9163 2715 650 119 15 1 0 0 0 0 0 0 0 0 0 0 0 0 0 0 
853467 1503312 1822824 1800384 1524120 1128816 737646 426192 217242 97120 37708 12528 3484 784 135 16 1 0 0 0 0 0 0 0 0 0 0 0 0 0 
2356779 4179603 5126520 5147328 4453320 3390582 2292654 1381080 740554 352070 147356 53720 16796 4403 935 152 17 1 0 0 0 0 0 0 0 0 0 0 0 0 
6536382 11662902 14453451 14727168 12991230 10136556 7064316 4414288 2473704 1239980 553146 217872 74919 22134 5490 1104 170 18 1 0 0 0 0 0 0 0 0 0 0 0 
18199284 32652735 40843521 42171849 37854954 30192102 21615160 13952308 8127972 4266830 2010998 845937 314925 102543 28728 6764 1292 189 19 1 0 0 0 0 0 0 0 0 0 0 
50852019 91695540 115668105 120870324 110218905 89662216 65759570 43695440 26347110 14405800 7123765 3171860 1263405 446196 138035 36784 8245 1500 209 20 1 0 0 0 0 0 0 0 0 0 
142547559 258215664 328233969 346757334 320751445 265640691 199117226 135802120 84448350 47876675 24701425 11559030 4881461 1847636 621015 183064 46529 9954 1729 230 21 1 0 0 0 0 0 0 0 0 
400763223 728997192 933206967 995742748 933149470 785509362 600560037 419367696 268127145 157026450 84137130 41141916 18288127 7350112 2651715 850608 239547 58212 11913 1980 252 22 1 0 0 0 0 0 0 0 
1129760415 2062967382 2657946907 2862099185 2714401580 2319218869 1805437095 1288054878 844521291 509290725 282305496 143567173 66780155 28289954 10852435 3741870 1148367 309672 72105 14145 2254 275 23 1 0 0 0 0 0 0 
3192727797 5850674704 7583013474 8234447672 7895719634 6839057544 5412710842 3938013264 2641866894 1636117512 935163394 492652824 238637282 105922544 42884259 15742672 5199909 1530144 395922 88504 16674 2552 299 24 1 0 0 0 0 0 
9043402501 16626415975 21668135850 23713180780 22969224850 20147488020 16189781650 11992591000 8215997670 5213147800 3063933730 1666453500 837212650 387444085 164549475 63826840 22472725 7125975 2014570 501100 107730 19525 2875 324 25 1 0 0 0 0 
25669818476 47337954326 62007732605 68350541480 66829893650 59306494520 48329860670 36398370320 25421736470 16493079200 9943535030 5567599880 2891110235 1389206210 615820400 250849040 93425540 31613270 9641645 2623400 628355 130130 22724 3224 350 26 1 0 0 0 
73007772802 135015505407 177696228411 197188167735 194486929650 174466248840 144034725510 110149967460 78313185990 51858350700 32004214110 18402245145 9847916325 4896136845 2255875650 960094980 375887850 134680455 43878315 12893400 3381885 781209 156078 26298 3600 377 27 1 0 0 
208023278209 385719506620 509899901553 569371325796 566141346225 512987904000 428650941810 332497878960 240321504150 162175750800 102264809955 60254375580 33146298315 16999928820 8112107475 3591858480 1470663285 554446620 191452170 60153600 17056494 4319172 963585 185976 30275 4004 405 28 1 0 
593742784829 1103642686382 1464990733969 1645412573574 1648500576021 1507780192035 1274136724770 1001470324920 734995133910 504762064905 324694936335 195665483850 110400602715 58258334610 28703894775 13174629240 5616968385 2216562075 806052390 268662264 81529266 22339251 5468733 1179836 220255 34684 4437 434 29 1 
168741760